# JRE version: Java(TM) SE Runtime Environment (11.0.5+10) (build 11.0.5+10-LTS)
# Java VM: Java HotSpot(TM) 64-Bit Server VM (11.0.5+10-LTS, mixed mode, tiered, compressed oops, g1 gc, windows-amd64)
Heap:
 garbage-first heap   total 312320K, used 23276K [0x0000000702800000, 0x0000000800000000)
  region size 1024K, 15 young (15360K), 15 survivors (15360K)
 Metaspace       used 58702K, capacity 60433K, committed 60508K, reserved 1101824K
  class space    used 7482K, capacity 8163K, committed 8192K, reserved 1048576K
GC Heap History (10 events):
Event: 1.971 GC heap after
{Heap after GC invocations=2 (full 0):
 garbage-first heap   total 260096K, used 7624K [0x0000000702800000, 0x0000000800000000)
  region size 1024K, 4 young (4096K), 4 survivors (4096K)
 Metaspace       used 15413K, capacity 15845K, committed 16000K, reserved 1062912K
  class space    used 1662K, capacity 1825K, committed 1920K, reserved 1048576K
}
Event: 2.349 GC heap before
{Heap before GC invocations=2 (full 0):
 garbage-first heap   total 260096K, used 34248K [0x0000000702800000, 0x0000000800000000)
  region size 1024K, 31 young (31744K), 4 survivors (4096K)
 Metaspace       used 20393K, capacity 21119K, committed 21248K, reserved 1067008K
  class space    used 2385K, capacity 2690K, committed 2816K, reserved 1048576K
}
Event: 2.357 GC heap after
{Heap after GC invocations=3 (full 0):
 garbage-first heap   total 260096K, used 8934K [0x0000000702800000, 0x0000000800000000)
  region size 1024K, 5 young (5120K), 5 survivors (5120K)
 Metaspace       used 20393K, capacity 21119K, committed 21248K, reserved 1067008K
  class space    used 2385K, capacity 2690K, committed 2816K, reserved 1048576K
}
Event: 3.269 GC heap before
{Heap before GC invocations=4 (full 0):
 garbage-first heap   total 260096K, used 77542K [0x0000000702800000, 0x0000000800000000)
  region size 1024K, 69 young (70656K), 5 survivors (5120K)
 Metaspace       used 27547K, capacity 28484K, committed 28672K, reserved 1075200K
  class space    used 3230K, capacity 3575K, committed 3584K, reserved 1048576K
}
Event: 3.276 GC heap after
{Heap after GC invocations=5 (full 0):
 garbage-first heap   total 260096K, used 10301K [0x0000000702800000, 0x0000000800000000)
  region size 1024K, 6 young (6144K), 6 survivors (6144K)
 Metaspace       used 27547K, capacity 28484K, committed 28672K, reserved 1075200K
  class space    used 3230K, capacity 3575K, committed 3584K, reserved 1048576K
}
Event: 5.021 GC heap before
{Heap before GC invocations=5 (full 0):
 garbage-first heap   total 260096K, used 136253K [0x0000000702800000, 0x0000000800000000)
  region size 1024K, 131 young (134144K), 6 survivors (6144K)
 Metaspace       used 34622K, capacity 35913K, committed 36048K, reserved 1081344K
  class space    used 4256K, capacity 4779K, committed 4864K, reserved 1048576K
}
Event: 5.042 GC heap after
{Heap after GC invocations=6 (full 0):
 garbage-first heap   total 260096K, used 14359K [0x0000000702800000, 0x0000000800000000)
  region size 1024K, 10 young (10240K), 10 survivors (10240K)
 Metaspace       used 34622K, capacity 35913K, committed 36048K, reserved 1081344K
  class space    used 4256K, capacity 4779K, committed 4864K, reserved 1048576K
}
Event: 5.875 GC heap before
{Heap before GC invocations=7 (full 0):
 garbage-first heap   total 260096K, used 158743K [0x0000000702800000, 0x0000000800000000)
  region size 1024K, 152 young (155648K), 10 survivors (10240K)
 Metaspace       used 43639K, capacity 45116K, committed 45392K, reserved 1089536K
  class space    used 5310K, capacity 5902K, committed 6016K, reserved 1048576K
}
Event: 5.890 GC heap after
{Heap after GC invocations=8 (full 0):
 garbage-first heap   total 260096K, used 18299K [0x0000000702800000, 0x0000000800000000)
  region size 1024K, 14 young (14336K), 14 survivors (14336K)
 Metaspace       used 43639K, capacity 45116K, committed 45392K, reserved 1089536K
  class space    used 5310K, capacity 5902K, committed 6016K, reserved 1048576K
}
Event: 7.366 GC heap before
{Heap before GC invocations=8 (full 0):
 garbage-first heap   total 260096K, used 134011K [0x0000000702800000, 0x0000000800000000)
  region size 1024K, 129 young (132096K), 14 survivors (14336K)
 Metaspace       used 58702K, capacity 60433K, committed 60508K, reserved 1101824K
  class space    used 7482K, capacity 8163K, committed 8192K, reserved 1048576K
}

