# JRE version: Java(TM) SE Runtime Environment (11.0.5+10) (build 11.0.5+10-LTS)
# Java VM: Java HotSpot(TM) 64-Bit Server VM (11.0.5+10-LTS, mixed mode, tiered, compressed oops, g1 gc, windows-amd64)
Heap:
 garbage-first heap   total 260096K, used 57814K [0x0000000702800000, 0x0000000800000000)
  region size 1024K, 20 young (20480K), 16 survivors (16384K)
 Metaspace       used 39965K, capacity 41046K, committed 41264K, reserved 1085440K
  class space    used 4096K, capacity 4468K, committed 4480K, reserved 1048576K
GC Heap History (10 events):
Event: 9.233 GC heap before
{Heap before GC invocations=4 (full 0):
 garbage-first heap   total 260096K, used 118744K [0x0000000702800000, 0x0000000800000000)
  region size 1024K, 105 young (107520K), 5 survivors (5120K)
 Metaspace       used 31130K, capacity 31873K, committed 31920K, reserved 1077248K
  class space    used 3295K, capacity 3563K, committed 3584K, reserved 1048576K
}
Event: 9.248 GC heap after
{Heap after GC invocations=5 (full 0):
 garbage-first heap   total 260096K, used 25030K [0x0000000702800000, 0x0000000800000000)
  region size 1024K, 13 young (13312K), 13 survivors (13312K)
 Metaspace       used 31130K, capacity 31873K, committed 31920K, reserved 1077248K
  class space    used 3295K, capacity 3563K, committed 3584K, reserved 1048576K
}
Event: 12.182 GC heap before
{Heap before GC invocations=5 (full 0):
 garbage-first heap   total 260096K, used 166342K [0x0000000702800000, 0x0000000800000000)
  region size 1024K, 152 young (155648K), 13 survivors (13312K)
 Metaspace       used 34397K, capacity 35271K, committed 35376K, reserved 1081344K
  class space    used 3603K, capacity 3917K, committed 3968K, reserved 1048576K
}
Event: 12.206 GC heap after
{Heap after GC invocations=6 (full 0):
 garbage-first heap   total 260096K, used 36794K [0x0000000702800000, 0x0000000800000000)
  region size 1024K, 19 young (19456K), 19 survivors (19456K)
 Metaspace       used 34397K, capacity 35271K, committed 35376K, reserved 1081344K
  class space    used 3603K, capacity 3917K, committed 3968K, reserved 1048576K
}
Event: 12.935 GC heap before
{Heap before GC invocations=6 (full 0):
 garbage-first heap   total 260096K, used 92090K [0x0000000702800000, 0x0000000800000000)
  region size 1024K, 74 young (75776K), 19 survivors (19456K)
 Metaspace       used 35016K, capacity 35833K, committed 35888K, reserved 1081344K
  class space    used 3628K, capacity 3925K, committed 3968K, reserved 1048576K
}
Event: 12.993 GC heap after
{Heap after GC invocations=7 (full 0):
 garbage-first heap   total 260096K, used 39869K [0x0000000702800000, 0x0000000800000000)
  region size 1024K, 3 young (3072K), 3 survivors (3072K)
 Metaspace       used 35016K, capacity 35833K, committed 35888K, reserved 1081344K
  class space    used 3628K, capacity 3925K, committed 3968K, reserved 1048576K
}
Event: 14.614 GC heap before
{Heap before GC invocations=8 (full 0):
 garbage-first heap   total 260096K, used 153533K [0x0000000702800000, 0x0000000800000000)
  region size 1024K, 112 young (114688K), 3 survivors (3072K)
 Metaspace       used 36255K, capacity 37204K, committed 37296K, reserved 1083392K
  class space    used 3732K, capacity 4082K, committed 4096K, reserved 1048576K
}
Event: 14.627 GC heap after
{Heap after GC invocations=9 (full 0):
 garbage-first heap   total 260096K, used 46882K [0x0000000702800000, 0x0000000800000000)
  region size 1024K, 9 young (9216K), 9 survivors (9216K)
 Metaspace       used 36255K, capacity 37204K, committed 37296K, reserved 1083392K
  class space    used 3732K, capacity 4082K, committed 4096K, reserved 1048576K
}
Event: 24.867 GC heap before
{Heap before GC invocations=10 (full 0):
 garbage-first heap   total 260096K, used 162594K [0x0000000702800000, 0x0000000800000000)
  region size 1024K, 122 young (124928K), 9 survivors (9216K)
 Metaspace       used 39947K, capacity 40979K, committed 41008K, reserved 1085440K
  class space    used 4095K, capacity 4467K, committed 4480K, reserved 1048576K
}
Event: 24.889 GC heap after
{Heap after GC invocations=11 (full 0):
 garbage-first heap   total 260096K, used 54742K [0x0000000702800000, 0x0000000800000000)
  region size 1024K, 16 young (16384K), 16 survivors (16384K)
 Metaspace       used 39947K, capacity 40979K, committed 41008K, reserved 1085440K
  class space    used 4095K, capacity 4467K, committed 4480K, reserved 1048576K
}

