# JRE version: Java(TM) SE Runtime Environment (11.0.5+10) (build 11.0.5+10-LTS)
# Java VM: Java HotSpot(TM) 64-Bit Server VM (11.0.5+10-LTS, mixed mode, tiered, compressed oops, g1 gc, windows-amd64)
Heap:
 garbage-first heap   total 260096K, used 165835K [0x0000000702800000, 0x0000000800000000)
  region size 1024K, 152 young (155648K), 18 survivors (18432K)
 Metaspace       used 69579K, capacity 71218K, committed 71424K, reserved 1112064K
  class space    used 8676K, capacity 9352K, committed 9472K, reserved 1048576K
GC Heap History (10 events):
Event: 7.343 GC heap before
{Heap before GC invocations=3 (full 0):
 garbage-first heap   total 260096K, used 79565K [0x0000000702800000, 0x0000000800000000)
  region size 1024K, 69 young (70656K), 6 survivors (6144K)
 Metaspace       used 29016K, capacity 29897K, committed 30080K, reserved 1075200K
  class space    used 3293K, capacity 3659K, committed 3712K, reserved 1048576K
}
Event: 7.351 GC heap after
{Heap after GC invocations=4 (full 0):
 garbage-first heap   total 260096K, used 12301K [0x0000000702800000, 0x0000000800000000)
  region size 1024K, 4 young (4096K), 4 survivors (4096K)
 Metaspace       used 29016K, capacity 29897K, committed 30080K, reserved 1075200K
  class space    used 3293K, capacity 3659K, committed 3712K, reserved 1048576K
}
Event: 9.238 GC heap before
{Heap before GC invocations=4 (full 0):
 garbage-first heap   total 260096K, used 100365K [0x0000000702800000, 0x0000000800000000)
  region size 1024K, 91 young (93184K), 4 survivors (4096K)
 Metaspace       used 32591K, capacity 33656K, committed 33920K, reserved 1079296K
  class space    used 3705K, capacity 4123K, committed 4224K, reserved 1048576K
}
Event: 9.250 GC heap after
{Heap after GC invocations=5 (full 0):
 garbage-first heap   total 260096K, used 14952K [0x0000000702800000, 0x0000000800000000)
  region size 1024K, 6 young (6144K), 6 survivors (6144K)
 Metaspace       used 32591K, capacity 33656K, committed 33920K, reserved 1079296K
  class space    used 3705K, capacity 4123K, committed 4224K, reserved 1048576K
}
Event: 9.966 GC heap before
{Heap before GC invocations=5 (full 0):
 garbage-first heap   total 260096K, used 53864K [0x0000000702800000, 0x0000000800000000)
  region size 1024K, 45 young (46080K), 6 survivors (6144K)
 Metaspace       used 34661K, capacity 35699K, committed 35840K, reserved 1081344K
  class space    used 3977K, capacity 4389K, committed 4480K, reserved 1048576K
}
Event: 9.988 GC heap after
{Heap after GC invocations=6 (full 0):
 garbage-first heap   total 260096K, used 15642K [0x0000000702800000, 0x0000000800000000)
  region size 1024K, 7 young (7168K), 7 survivors (7168K)
 Metaspace       used 34661K, capacity 35699K, committed 35840K, reserved 1081344K
  class space    used 3977K, capacity 4389K, committed 4480K, reserved 1048576K
}
Event: 14.341 GC heap before
{Heap before GC invocations=7 (full 0):
 garbage-first heap   total 260096K, used 149786K [0x0000000702800000, 0x0000000800000000)
  region size 1024K, 138 young (141312K), 7 survivors (7168K)
 Metaspace       used 46256K, capacity 47551K, committed 47744K, reserved 1091584K
  class space    used 5619K, capacity 6160K, committed 6272K, reserved 1048576K
}
Event: 14.362 GC heap after
{Heap after GC invocations=8 (full 0):
 garbage-first heap   total 260096K, used 21493K [0x0000000702800000, 0x0000000800000000)
  region size 1024K, 13 young (13312K), 13 survivors (13312K)
 Metaspace       used 46256K, capacity 47551K, committed 47744K, reserved 1091584K
  class space    used 5619K, capacity 6160K, committed 6272K, reserved 1048576K
}
Event: 16.657 GC heap before
{Heap before GC invocations=8 (full 0):
 garbage-first heap   total 260096K, used 133109K [0x0000000702800000, 0x0000000800000000)
  region size 1024K, 123 young (125952K), 13 survivors (13312K)
 Metaspace       used 58501K, capacity 60049K, committed 60160K, reserved 1101824K
  class space    used 7086K, capacity 7736K, committed 7808K, reserved 1048576K
}
Event: 16.702 GC heap after
{Heap after GC invocations=9 (full 0):
 garbage-first heap   total 260096K, used 29643K [0x0000000702800000, 0x0000000800000000)
  region size 1024K, 18 young (18432K), 18 survivors (18432K)
 Metaspace       used 58501K, capacity 60049K, committed 60160K, reserved 1101824K
  class space    used 7086K, capacity 7736K, committed 7808K, reserved 1048576K
}

